431 
442438 

1119 24 
3007 

30 
1099 162769 1202611 
27 

22054 442440 
22035 162767 

25 442433 
1202628 
1202617 27 
3007 
1202625 
1202625 442413 22048 
75 22033 
419 
59901 59891 
59876 
63 2999 25 26 
1202614 428 83 2986 80 22031 19 27 


162766 171 
59878 162773 
3007 
1114 1202626 
3009 
175 1202605 67 
59892 
409 
8126 22 442430 
442424 79 28 
8115 
162768 1109 


1115 162768 1122 8130 162780 

2999 
34 11 8106 8125 163 1202613 2992 
3004 15 
16 32 422 
8124 
148 
1126 167 63 22 
430 1122 
29 
160 12 
162768 1109 
22053 162765 442414 17 
160 12 

162772 
414 

20 
442432 
1126 167 63 22 
22033 22039 442421 
409 
22047 442427 
1100 
33 
16 
21 1202620 
8130 
8130 
34 22026 442419 45 22045 33 
8121 
8107 15 59875 
59901 
162757 

59884 
1202632 8105 35 1202611 1202615 
66 22049 
162780 2987 50 1114 1202606 154 
35 
8108 27 21 
22026 22047 
1098 22041 59893 
9 1106 
442418 59893 59900 
1126 
3006 18 
22036 
59903 
24 442415 
1118 
442432 
22053 162764 
432 8126 17 1202634 
55 62 442426 
160 22049 3 442440 
59894 2986 10 2999 59879 8128 162784 
